2020-12-09 10:17:17,201 INFO o.a.j.u.JMeterUtils: Setting Locale to en_EN
2020-12-09 10:17:17,257 INFO o.a.j.JMeter: Loading user properties from: /Users/goncalo/Documents/MIEI/Year 4/SDB/Class 7/apache-jmeter-5.4/bin/user.properties
2020-12-09 10:17:17,257 INFO o.a.j.JMeter: Loading system properties from: /Users/goncalo/Documents/MIEI/Year 4/SDB/Class 7/apache-jmeter-5.4/bin/system.properties
2020-12-09 10:17:17,266 INFO o.a.j.JMeter: Copyright (c) 1998-2020 The Apache Software Foundation
2020-12-09 10:17:17,266 INFO o.a.j.JMeter: Version 5.4
2020-12-09 10:17:17,266 INFO o.a.j.JMeter: java.version=14.0.2
2020-12-09 10:17:17,266 INFO o.a.j.JMeter: java.vm.name=OpenJDK 64-Bit Server VM
2020-12-09 10:17:17,266 INFO o.a.j.JMeter: os.name=Mac OS X
2020-12-09 10:17:17,266 INFO o.a.j.JMeter: os.arch=x86_64
2020-12-09 10:17:17,266 INFO o.a.j.JMeter: os.version=10.16
2020-12-09 10:17:17,266 INFO o.a.j.JMeter: file.encoding=UTF-8
2020-12-09 10:17:17,266 INFO o.a.j.JMeter: java.awt.headless=null
2020-12-09 10:17:17,267 INFO o.a.j.JMeter: Max memory     =1073741824
2020-12-09 10:17:17,267 INFO o.a.j.JMeter: Available Processors =4
2020-12-09 10:17:17,277 INFO o.a.j.JMeter: Default Locale=English (EN)
2020-12-09 10:17:17,278 INFO o.a.j.JMeter: JMeter  Locale=English (EN)
2020-12-09 10:17:17,278 INFO o.a.j.JMeter: JMeterHome=/Users/goncalo/Documents/MIEI/Year 4/SDB/Class 7/apache-jmeter-5.4
2020-12-09 10:17:17,278 INFO o.a.j.JMeter: user.dir  =/Users/goncalo/Documents/MIEI/Year 4/SDB/Class 7/apache-jmeter-5.4
2020-12-09 10:17:17,278 INFO o.a.j.JMeter: PWD       =/Users/goncalo/Documents/MIEI/Year 4/SDB/Class 7/apache-jmeter-5.4
2020-12-09 10:17:17,279 INFO o.a.j.JMeter: IP: 127.0.0.1 Name: Goncalos-MacBook-Pro.local FullName: localhost
2020-12-09 10:17:18,083 INFO o.a.j.JMeter: Setting LAF to: com.github.weisj.darklaf.DarkLaf:com.github.weisj.darklaf.theme.DarculaTheme
2020-12-09 10:17:20,875 INFO o.a.j.JMeter: Loaded icon properties from org/apache/jmeter/images/icon.properties
2020-12-09 10:18:13,277 INFO o.a.j.s.FileServer: Default base='/Users/goncalo/Documents/MIEI/Year 4/SDB/Class 7/apache-jmeter-5.4'
2020-12-09 10:38:41,923 INFO o.a.j.g.a.t.TemplateManager: Reading templates from: /Users/goncalo/Documents/MIEI/Year 4/SDB/Class 7/apache-jmeter-5.4/bin/templates/templates.xml
2020-12-09 10:38:56,257 INFO o.a.j.g.a.Load: Loading file: /Users/goncalo/Documents/MIEI/Year 4/SDB/Class 7/apache-jmeter-5.4/bin/templates/build-web-test-plan.jmx
2020-12-09 10:38:56,458 INFO o.a.j.s.SaveService: Testplan (JMX) version: 2.2. Testlog (JTL) version: 2.2
2020-12-09 10:38:56,474 INFO o.a.j.s.SaveService: Using SaveService properties version 5.0
2020-12-09 10:38:56,476 INFO o.a.j.s.SaveService: Using SaveService properties file encoding UTF-8
2020-12-09 10:38:56,478 INFO o.a.j.s.SaveService: Loading file: /Users/goncalo/Documents/MIEI/Year 4/SDB/Class 7/apache-jmeter-5.4/bin/templates/build-web-test-plan.jmx
2020-12-09 10:38:56,505 INFO o.a.j.p.h.c.CookieManager: Settings: Delete null: true Check: true Allow variable: true Save: false Prefix: COOKIE_
2020-12-09 10:38:56,512 INFO o.a.j.p.h.s.HTTPSamplerBase: Parser for text/html is org.apache.jmeter.protocol.http.parser.LagartoBasedHtmlParser
2020-12-09 10:38:56,513 INFO o.a.j.p.h.s.HTTPSamplerBase: Parser for application/xhtml+xml is org.apache.jmeter.protocol.http.parser.LagartoBasedHtmlParser
2020-12-09 10:38:56,513 INFO o.a.j.p.h.s.HTTPSamplerBase: Parser for application/xml is org.apache.jmeter.protocol.http.parser.LagartoBasedHtmlParser
2020-12-09 10:38:56,513 INFO o.a.j.p.h.s.HTTPSamplerBase: Parser for text/xml is org.apache.jmeter.protocol.http.parser.LagartoBasedHtmlParser
2020-12-09 10:38:56,513 INFO o.a.j.p.h.s.HTTPSamplerBase: Parser for text/vnd.wap.wml is org.apache.jmeter.protocol.http.parser.RegexpHTMLParser
2020-12-09 10:38:56,513 INFO o.a.j.p.h.s.HTTPSamplerBase: Parser for text/css is org.apache.jmeter.protocol.http.parser.CssParser
2020-12-09 10:38:56,798 INFO o.a.j.s.SampleResult: Note: Sample TimeStamps are START times
2020-12-09 10:38:56,798 INFO o.a.j.s.SampleResult: sampleresult.default.encoding is set to ISO-8859-1
2020-12-09 10:38:56,798 INFO o.a.j.s.SampleResult: sampleresult.useNanoTime=true
2020-12-09 10:38:56,798 INFO o.a.j.s.SampleResult: sampleresult.nanoThreadSleep=5000
2020-12-09 10:38:57,040 INFO o.a.j.v.ViewResultsFullVisualizer: Add JavaFX to your Java installation if you want to use renderer: org.apache.jmeter.visualizers.RenderInBrowser
2020-12-09 10:56:23,825 INFO o.a.j.e.StandardJMeterEngine: Running the test!
2020-12-09 10:56:23,826 INFO o.a.j.s.SampleEvent: List of sample_variables: []
2020-12-09 10:56:23,827 INFO o.a.j.s.SampleEvent: List of sample_variables: []
2020-12-09 10:56:23,829 INFO o.a.j.e.u.CompoundVariable: Note: Function class names must contain the string: '.functions.'
2020-12-09 10:56:23,829 INFO o.a.j.e.u.CompoundVariable: Note: Function class names must not contain the string: '.gui.'
2020-12-09 10:56:24,155 INFO o.a.j.g.u.JMeterMenuBar: setRunning(true, *local*)
2020-12-09 10:56:24,214 INFO o.a.j.e.StandardJMeterEngine: Starting ThreadGroup: 1 : Scenario 2
2020-12-09 10:56:24,215 INFO o.a.j.e.StandardJMeterEngine: Starting 10 threads for group Scenario 2.
2020-12-09 10:56:24,216 INFO o.a.j.e.StandardJMeterEngine: Thread will continue on error
2020-12-09 10:56:24,216 INFO o.a.j.t.ThreadGroup: Starting thread group... number=1 threads=10 ramp-up=1 delayedStart=false
2020-12-09 10:56:24,224 INFO o.a.j.t.JMeterThread: Thread started: Scenario 2 1-1
2020-12-09 10:56:24,227 INFO o.a.j.t.ThreadGroup: Started thread group number 1
2020-12-09 10:56:24,227 INFO o.a.j.e.StandardJMeterEngine: All thread groups have been started
2020-12-09 10:56:24,250 INFO o.a.j.p.h.s.HTTPHCAbstractImpl: Local host = Goncalos-MacBook-Pro.local
2020-12-09 10:56:24,258 INFO o.a.j.p.h.s.HTTPHC4Impl: HTTP request retry count = 0
2020-12-09 10:56:24,317 INFO o.a.j.t.JMeterThread: Thread started: Scenario 2 1-2
2020-12-09 10:56:24,423 INFO o.a.j.t.JMeterThread: Thread started: Scenario 2 1-3
2020-12-09 10:56:24,524 INFO o.a.j.t.JMeterThread: Thread started: Scenario 2 1-4
2020-12-09 10:56:24,574 INFO o.a.j.t.JMeterThread: Thread is done: Scenario 2 1-4
2020-12-09 10:56:24,575 INFO o.a.j.t.JMeterThread: Thread finished: Scenario 2 1-4
2020-12-09 10:56:24,575 INFO o.a.j.t.JMeterThread: Thread is done: Scenario 2 1-2
2020-12-09 10:56:24,574 INFO o.a.j.t.JMeterThread: Thread is done: Scenario 2 1-3
2020-12-09 10:56:24,575 INFO o.a.j.t.JMeterThread: Thread finished: Scenario 2 1-2
2020-12-09 10:56:24,575 INFO o.a.j.t.JMeterThread: Thread finished: Scenario 2 1-3
2020-12-09 10:56:24,610 INFO o.a.j.t.JMeterThread: Thread is done: Scenario 2 1-1
2020-12-09 10:56:24,611 INFO o.a.j.t.JMeterThread: Thread finished: Scenario 2 1-1
2020-12-09 10:56:24,621 INFO o.a.j.t.JMeterThread: Thread started: Scenario 2 1-5
2020-12-09 10:56:24,637 INFO o.a.j.t.JMeterThread: Thread is done: Scenario 2 1-5
2020-12-09 10:56:24,638 INFO o.a.j.t.JMeterThread: Thread finished: Scenario 2 1-5
2020-12-09 10:56:24,726 INFO o.a.j.t.JMeterThread: Thread started: Scenario 2 1-6
2020-12-09 10:56:24,741 INFO o.a.j.t.JMeterThread: Thread is done: Scenario 2 1-6
2020-12-09 10:56:24,741 INFO o.a.j.t.JMeterThread: Thread finished: Scenario 2 1-6
2020-12-09 10:56:24,824 INFO o.a.j.t.JMeterThread: Thread started: Scenario 2 1-7
2020-12-09 10:56:24,844 INFO o.a.j.t.JMeterThread: Thread is done: Scenario 2 1-7
2020-12-09 10:56:24,846 INFO o.a.j.t.JMeterThread: Thread finished: Scenario 2 1-7
2020-12-09 10:56:24,921 INFO o.a.j.t.JMeterThread: Thread started: Scenario 2 1-8
2020-12-09 10:56:24,939 INFO o.a.j.t.JMeterThread: Thread is done: Scenario 2 1-8
2020-12-09 10:56:24,939 INFO o.a.j.t.JMeterThread: Thread finished: Scenario 2 1-8
2020-12-09 10:56:25,024 INFO o.a.j.t.JMeterThread: Thread started: Scenario 2 1-9
2020-12-09 10:56:25,044 INFO o.a.j.t.JMeterThread: Thread is done: Scenario 2 1-9
2020-12-09 10:56:25,044 INFO o.a.j.t.JMeterThread: Thread finished: Scenario 2 1-9
2020-12-09 10:56:25,118 INFO o.a.j.t.JMeterThread: Thread started: Scenario 2 1-10
2020-12-09 10:56:25,148 INFO o.a.j.t.JMeterThread: Thread is done: Scenario 2 1-10
2020-12-09 10:56:25,148 INFO o.a.j.t.JMeterThread: Thread finished: Scenario 2 1-10
2020-12-09 10:56:25,149 INFO o.a.j.e.StandardJMeterEngine: Notifying test listeners of end of test
2020-12-09 10:56:25,150 INFO o.a.j.g.u.JMeterMenuBar: setRunning(false, *local*)
2020-12-09 10:56:38,871 ERROR o.a.j.g.a.ActionRouter: Error processing org.apache.jmeter.gui.action.Save@784c5ef5
java.lang.NullPointerException: null
	at java.util.ArrayDeque.addLast(ArrayDeque.java:303) ~[?:?]
	at java.util.ArrayDeque.add(ArrayDeque.java:494) ~[?:?]
	at org.apache.jmeter.gui.action.LoadRecentProject.updateRecentFileMenuItems(LoadRecentProject.java:125) ~[ApacheJMeter_core.jar:5.4]
	at org.apache.jmeter.gui.util.JMeterMenuBar.setProjectFileLoaded(JMeterMenuBar.java:144) ~[ApacheJMeter_core.jar:5.4]
	at org.apache.jmeter.gui.MainFrame.setProjectFileLoaded(MainFrame.java:330) ~[ApacheJMeter_core.jar:5.4]
	at org.apache.jmeter.gui.GuiPackage.setTestPlanFile(GuiPackage.java:732) ~[ApacheJMeter_core.jar:5.4]
	at org.apache.jmeter.gui.action.Save.doAction(Save.java:168) ~[ApacheJMeter_core.jar:5.4]
	at org.apache.jmeter.gui.action.ActionRouter.performAction(ActionRouter.java:87) ~[ApacheJMeter_core.jar:5.4]
	at org.apache.jmeter.gui.action.ActionRouter.doActionNow(ActionRouter.java:124) ~[ApacheJMeter_core.jar:5.4]
	at org.apache.jmeter.gui.action.AbstractAction.popupShouldSave(AbstractAction.java:76) ~[ApacheJMeter_core.jar:5.4]
	at org.apache.jmeter.gui.action.Start.doAction(Start.java:111) ~[ApacheJMeter_core.jar:5.4]
	at org.apache.jmeter.gui.action.ActionRouter.performAction(ActionRouter.java:87) ~[ApacheJMeter_core.jar:5.4]
	at org.apache.jmeter.gui.action.ActionRouter.lambda$actionPerformed$0(ActionRouter.java:69) ~[ApacheJMeter_core.jar:5.4]
	at java.awt.event.InvocationEvent.dispatch(InvocationEvent.java:316) ~[?:?]
	at java.awt.EventQueue.dispatchEventImpl(EventQueue.java:770) ~[?:?]
	at java.awt.EventQueue$4.run(EventQueue.java:721) ~[?:?]
	at java.awt.EventQueue$4.run(EventQueue.java:715) ~[?:?]
	at java.security.AccessController.doPrivileged(AccessController.java:391) [?:?]
	at java.security.ProtectionDomain$JavaSecurityAccessImpl.doIntersectionPrivilege(ProtectionDomain.java:85) [?:?]
	at java.awt.EventQueue.dispatchEvent(EventQueue.java:740) [?:?]
	at java.awt.EventDispatchThread.pumpOneEventForFilters(EventDispatchThread.java:203) [?:?]
	at java.awt.EventDispatchThread.pumpEventsForFilter(EventDispatchThread.java:124) [?:?]
	at java.awt.EventDispatchThread.pumpEventsForHierarchy(EventDispatchThread.java:113) [?:?]
	at java.awt.EventDispatchThread.pumpEvents(EventDispatchThread.java:109) [?:?]
	at java.awt.EventDispatchThread.pumpEvents(EventDispatchThread.java:101) [?:?]
	at java.awt.EventDispatchThread.run(EventDispatchThread.java:90) [?:?]
2020-12-09 10:56:38,893 INFO o.a.j.e.StandardJMeterEngine: Running the test!
2020-12-09 10:56:38,895 INFO o.a.j.s.SampleEvent: List of sample_variables: []
2020-12-09 10:56:38,896 INFO o.a.j.g.u.JMeterMenuBar: setRunning(true, *local*)
2020-12-09 10:56:38,980 INFO o.a.j.e.StandardJMeterEngine: Starting ThreadGroup: 1 : Scenario 2
2020-12-09 10:56:38,980 INFO o.a.j.e.StandardJMeterEngine: Starting 10 threads for group Scenario 2.
2020-12-09 10:56:38,980 INFO o.a.j.e.StandardJMeterEngine: Thread will continue on error
2020-12-09 10:56:38,980 INFO o.a.j.t.ThreadGroup: Starting thread group... number=1 threads=10 ramp-up=1 delayedStart=false
2020-12-09 10:56:38,981 INFO o.a.j.t.JMeterThread: Thread started: Scenario 2 1-1
2020-12-09 10:56:38,990 INFO o.a.j.t.ThreadGroup: Started thread group number 1
2020-12-09 10:56:38,990 INFO o.a.j.e.StandardJMeterEngine: All thread groups have been started
2020-12-09 10:56:39,008 INFO o.a.j.t.JMeterThread: Thread is done: Scenario 2 1-1
2020-12-09 10:56:39,008 INFO o.a.j.t.JMeterThread: Thread finished: Scenario 2 1-1
2020-12-09 10:56:39,086 INFO o.a.j.t.JMeterThread: Thread started: Scenario 2 1-2
2020-12-09 10:56:39,101 INFO o.a.j.t.JMeterThread: Thread is done: Scenario 2 1-2
2020-12-09 10:56:39,101 INFO o.a.j.t.JMeterThread: Thread finished: Scenario 2 1-2
2020-12-09 10:56:39,186 INFO o.a.j.t.JMeterThread: Thread started: Scenario 2 1-3
2020-12-09 10:56:39,206 INFO o.a.j.t.JMeterThread: Thread is done: Scenario 2 1-3
2020-12-09 10:56:39,206 INFO o.a.j.t.JMeterThread: Thread finished: Scenario 2 1-3
2020-12-09 10:56:39,286 INFO o.a.j.t.JMeterThread: Thread started: Scenario 2 1-4
2020-12-09 10:56:39,306 INFO o.a.j.t.JMeterThread: Thread is done: Scenario 2 1-4
2020-12-09 10:56:39,306 INFO o.a.j.t.JMeterThread: Thread finished: Scenario 2 1-4
2020-12-09 10:56:39,384 INFO o.a.j.t.JMeterThread: Thread started: Scenario 2 1-5
2020-12-09 10:56:39,401 INFO o.a.j.t.JMeterThread: Thread is done: Scenario 2 1-5
2020-12-09 10:56:39,401 INFO o.a.j.t.JMeterThread: Thread finished: Scenario 2 1-5
2020-12-09 10:56:39,484 INFO o.a.j.t.JMeterThread: Thread started: Scenario 2 1-6
2020-12-09 10:56:39,504 INFO o.a.j.t.JMeterThread: Thread is done: Scenario 2 1-6
2020-12-09 10:56:39,504 INFO o.a.j.t.JMeterThread: Thread finished: Scenario 2 1-6
2020-12-09 10:56:39,582 INFO o.a.j.t.JMeterThread: Thread started: Scenario 2 1-7
2020-12-09 10:56:39,601 INFO o.a.j.t.JMeterThread: Thread is done: Scenario 2 1-7
2020-12-09 10:56:39,601 INFO o.a.j.t.JMeterThread: Thread finished: Scenario 2 1-7
2020-12-09 10:56:39,685 INFO o.a.j.t.JMeterThread: Thread started: Scenario 2 1-8
2020-12-09 10:56:39,705 INFO o.a.j.t.JMeterThread: Thread is done: Scenario 2 1-8
2020-12-09 10:56:39,705 INFO o.a.j.t.JMeterThread: Thread finished: Scenario 2 1-8
2020-12-09 10:56:39,787 INFO o.a.j.t.JMeterThread: Thread started: Scenario 2 1-9
2020-12-09 10:56:39,809 INFO o.a.j.t.JMeterThread: Thread is done: Scenario 2 1-9
2020-12-09 10:56:39,809 INFO o.a.j.t.JMeterThread: Thread finished: Scenario 2 1-9
2020-12-09 10:56:39,885 INFO o.a.j.t.JMeterThread: Thread started: Scenario 2 1-10
2020-12-09 10:56:39,907 INFO o.a.j.t.JMeterThread: Thread is done: Scenario 2 1-10
2020-12-09 10:56:39,907 INFO o.a.j.t.JMeterThread: Thread finished: Scenario 2 1-10
2020-12-09 10:56:39,908 INFO o.a.j.e.StandardJMeterEngine: Notifying test listeners of end of test
2020-12-09 10:56:39,908 INFO o.a.j.g.u.JMeterMenuBar: setRunning(false, *local*)
2020-12-09 10:57:10,589 INFO o.a.j.e.StandardJMeterEngine: Running the test!
2020-12-09 10:57:10,590 INFO o.a.j.s.SampleEvent: List of sample_variables: []
2020-12-09 10:57:10,590 INFO o.a.j.g.u.JMeterMenuBar: setRunning(true, *local*)
2020-12-09 10:57:10,638 INFO o.a.j.e.StandardJMeterEngine: Starting ThreadGroup: 1 : Scenario 2
2020-12-09 10:57:10,639 INFO o.a.j.e.StandardJMeterEngine: Starting 10 threads for group Scenario 2.
2020-12-09 10:57:10,639 INFO o.a.j.e.StandardJMeterEngine: Thread will continue on error
2020-12-09 10:57:10,639 INFO o.a.j.t.ThreadGroup: Starting thread group... number=1 threads=10 ramp-up=1 delayedStart=false
2020-12-09 10:57:10,641 INFO o.a.j.t.JMeterThread: Thread started: Scenario 2 1-1
2020-12-09 10:57:10,656 INFO o.a.j.t.ThreadGroup: Started thread group number 1
2020-12-09 10:57:10,657 INFO o.a.j.e.StandardJMeterEngine: All thread groups have been started
2020-12-09 10:57:10,671 INFO o.a.j.t.JMeterThread: Thread is done: Scenario 2 1-1
2020-12-09 10:57:10,672 INFO o.a.j.t.JMeterThread: Thread finished: Scenario 2 1-1
2020-12-09 10:57:10,743 INFO o.a.j.t.JMeterThread: Thread started: Scenario 2 1-2
2020-12-09 10:57:10,762 INFO o.a.j.t.JMeterThread: Thread is done: Scenario 2 1-2
2020-12-09 10:57:10,762 INFO o.a.j.t.JMeterThread: Thread finished: Scenario 2 1-2
2020-12-09 10:57:10,846 INFO o.a.j.t.JMeterThread: Thread started: Scenario 2 1-3
2020-12-09 10:57:10,865 INFO o.a.j.t.JMeterThread: Thread is done: Scenario 2 1-3
2020-12-09 10:57:10,865 INFO o.a.j.t.JMeterThread: Thread finished: Scenario 2 1-3
2020-12-09 10:57:10,944 INFO o.a.j.t.JMeterThread: Thread started: Scenario 2 1-4
2020-12-09 10:57:10,963 INFO o.a.j.t.JMeterThread: Thread is done: Scenario 2 1-4
2020-12-09 10:57:10,963 INFO o.a.j.t.JMeterThread: Thread finished: Scenario 2 1-4
2020-12-09 10:57:11,046 INFO o.a.j.t.JMeterThread: Thread started: Scenario 2 1-5
2020-12-09 10:57:11,098 INFO o.a.j.t.JMeterThread: Thread is done: Scenario 2 1-5
2020-12-09 10:57:11,098 INFO o.a.j.t.JMeterThread: Thread finished: Scenario 2 1-5
2020-12-09 10:57:11,143 INFO o.a.j.t.JMeterThread: Thread started: Scenario 2 1-6
2020-12-09 10:57:11,161 INFO o.a.j.t.JMeterThread: Thread is done: Scenario 2 1-6
2020-12-09 10:57:11,161 INFO o.a.j.t.JMeterThread: Thread finished: Scenario 2 1-6
2020-12-09 10:57:11,248 INFO o.a.j.t.JMeterThread: Thread started: Scenario 2 1-7
2020-12-09 10:57:11,265 INFO o.a.j.t.JMeterThread: Thread is done: Scenario 2 1-7
2020-12-09 10:57:11,265 INFO o.a.j.t.JMeterThread: Thread finished: Scenario 2 1-7
2020-12-09 10:57:11,349 INFO o.a.j.t.JMeterThread: Thread started: Scenario 2 1-8
2020-12-09 10:57:11,369 INFO o.a.j.t.JMeterThread: Thread is done: Scenario 2 1-8
2020-12-09 10:57:11,369 INFO o.a.j.t.JMeterThread: Thread finished: Scenario 2 1-8
2020-12-09 10:57:11,445 INFO o.a.j.t.JMeterThread: Thread started: Scenario 2 1-9
2020-12-09 10:57:11,462 INFO o.a.j.t.JMeterThread: Thread is done: Scenario 2 1-9
2020-12-09 10:57:11,462 INFO o.a.j.t.JMeterThread: Thread finished: Scenario 2 1-9
2020-12-09 10:57:11,544 INFO o.a.j.t.JMeterThread: Thread started: Scenario 2 1-10
2020-12-09 10:57:11,573 INFO o.a.j.t.JMeterThread: Thread is done: Scenario 2 1-10
2020-12-09 10:57:11,573 INFO o.a.j.t.JMeterThread: Thread finished: Scenario 2 1-10
2020-12-09 10:57:11,575 INFO o.a.j.e.StandardJMeterEngine: Notifying test listeners of end of test
2020-12-09 10:57:11,576 INFO o.a.j.g.u.JMeterMenuBar: setRunning(false, *local*)
2020-12-09 10:57:14,956 INFO o.a.j.e.StandardJMeterEngine: Running the test!
2020-12-09 10:57:14,957 INFO o.a.j.s.SampleEvent: List of sample_variables: []
2020-12-09 10:57:14,957 INFO o.a.j.g.u.JMeterMenuBar: setRunning(true, *local*)
2020-12-09 10:57:15,005 INFO o.a.j.e.StandardJMeterEngine: Starting ThreadGroup: 1 : Scenario 2
2020-12-09 10:57:15,005 INFO o.a.j.e.StandardJMeterEngine: Starting 10 threads for group Scenario 2.
2020-12-09 10:57:15,005 INFO o.a.j.e.StandardJMeterEngine: Thread will continue on error
2020-12-09 10:57:15,006 INFO o.a.j.t.ThreadGroup: Starting thread group... number=1 threads=10 ramp-up=1 delayedStart=false
2020-12-09 10:57:15,006 INFO o.a.j.t.JMeterThread: Thread started: Scenario 2 1-1
2020-12-09 10:57:15,010 INFO o.a.j.t.ThreadGroup: Started thread group number 1
2020-12-09 10:57:15,011 INFO o.a.j.e.StandardJMeterEngine: All thread groups have been started
2020-12-09 10:57:15,032 INFO o.a.j.t.JMeterThread: Thread is done: Scenario 2 1-1
2020-12-09 10:57:15,033 INFO o.a.j.t.JMeterThread: Thread finished: Scenario 2 1-1
2020-12-09 10:57:15,109 INFO o.a.j.t.JMeterThread: Thread started: Scenario 2 1-2
2020-12-09 10:57:15,126 INFO o.a.j.t.JMeterThread: Thread is done: Scenario 2 1-2
2020-12-09 10:57:15,126 INFO o.a.j.t.JMeterThread: Thread finished: Scenario 2 1-2
2020-12-09 10:57:15,210 INFO o.a.j.t.JMeterThread: Thread started: Scenario 2 1-3
2020-12-09 10:57:15,231 INFO o.a.j.t.JMeterThread: Thread is done: Scenario 2 1-3
2020-12-09 10:57:15,231 INFO o.a.j.t.JMeterThread: Thread finished: Scenario 2 1-3
2020-12-09 10:57:15,311 INFO o.a.j.t.JMeterThread: Thread started: Scenario 2 1-4
2020-12-09 10:57:15,329 INFO o.a.j.t.JMeterThread: Thread is done: Scenario 2 1-4
2020-12-09 10:57:15,329 INFO o.a.j.t.JMeterThread: Thread finished: Scenario 2 1-4
2020-12-09 10:57:15,412 INFO o.a.j.t.JMeterThread: Thread started: Scenario 2 1-5
2020-12-09 10:57:15,431 INFO o.a.j.t.JMeterThread: Thread is done: Scenario 2 1-5
2020-12-09 10:57:15,432 INFO o.a.j.t.JMeterThread: Thread finished: Scenario 2 1-5
2020-12-09 10:57:15,511 INFO o.a.j.t.JMeterThread: Thread started: Scenario 2 1-6
2020-12-09 10:57:15,524 INFO o.a.j.t.JMeterThread: Thread is done: Scenario 2 1-6
2020-12-09 10:57:15,524 INFO o.a.j.t.JMeterThread: Thread finished: Scenario 2 1-6
2020-12-09 10:57:15,610 INFO o.a.j.t.JMeterThread: Thread started: Scenario 2 1-7
2020-12-09 10:57:15,631 INFO o.a.j.t.JMeterThread: Thread is done: Scenario 2 1-7
2020-12-09 10:57:15,631 INFO o.a.j.t.JMeterThread: Thread finished: Scenario 2 1-7
2020-12-09 10:57:15,712 INFO o.a.j.t.JMeterThread: Thread started: Scenario 2 1-8
2020-12-09 10:57:15,734 INFO o.a.j.t.JMeterThread: Thread is done: Scenario 2 1-8
2020-12-09 10:57:15,735 INFO o.a.j.t.JMeterThread: Thread finished: Scenario 2 1-8
2020-12-09 10:57:15,809 INFO o.a.j.t.JMeterThread: Thread started: Scenario 2 1-9
2020-12-09 10:57:15,825 INFO o.a.j.t.JMeterThread: Thread is done: Scenario 2 1-9
2020-12-09 10:57:15,826 INFO o.a.j.t.JMeterThread: Thread finished: Scenario 2 1-9
2020-12-09 10:57:15,907 INFO o.a.j.t.JMeterThread: Thread started: Scenario 2 1-10
2020-12-09 10:57:15,926 INFO o.a.j.t.JMeterThread: Thread is done: Scenario 2 1-10
2020-12-09 10:57:15,926 INFO o.a.j.t.JMeterThread: Thread finished: Scenario 2 1-10
2020-12-09 10:57:15,929 INFO o.a.j.e.StandardJMeterEngine: Notifying test listeners of end of test
2020-12-09 10:57:15,929 INFO o.a.j.g.u.JMeterMenuBar: setRunning(false, *local*)
2020-12-09 10:58:36,072 INFO o.a.j.e.StandardJMeterEngine: Running the test!
2020-12-09 10:58:36,073 INFO o.a.j.s.SampleEvent: List of sample_variables: []
2020-12-09 10:58:36,074 INFO o.a.j.g.u.JMeterMenuBar: setRunning(true, *local*)
2020-12-09 10:58:36,134 INFO o.a.j.e.StandardJMeterEngine: Starting ThreadGroup: 1 : Class 7
2020-12-09 10:58:36,135 INFO o.a.j.e.StandardJMeterEngine: Starting 10 threads for group Class 7.
2020-12-09 10:58:36,135 INFO o.a.j.e.StandardJMeterEngine: Thread will continue on error
2020-12-09 10:58:36,135 INFO o.a.j.t.ThreadGroup: Starting thread group... number=1 threads=10 ramp-up=1 delayedStart=false
2020-12-09 10:58:36,136 INFO o.a.j.t.JMeterThread: Thread started: Class 7 1-1
2020-12-09 10:58:36,148 INFO o.a.j.t.ThreadGroup: Started thread group number 1
2020-12-09 10:58:36,149 INFO o.a.j.e.StandardJMeterEngine: All thread groups have been started
2020-12-09 10:58:36,161 INFO o.a.j.t.JMeterThread: Thread is done: Class 7 1-1
2020-12-09 10:58:36,161 INFO o.a.j.t.JMeterThread: Thread finished: Class 7 1-1
2020-12-09 10:58:36,241 INFO o.a.j.t.JMeterThread: Thread started: Class 7 1-2
2020-12-09 10:58:36,254 INFO o.a.j.t.JMeterThread: Thread is done: Class 7 1-2
2020-12-09 10:58:36,254 INFO o.a.j.t.JMeterThread: Thread finished: Class 7 1-2
2020-12-09 10:58:36,336 INFO o.a.j.t.JMeterThread: Thread started: Class 7 1-3
2020-12-09 10:58:36,351 INFO o.a.j.t.JMeterThread: Thread is done: Class 7 1-3
2020-12-09 10:58:36,351 INFO o.a.j.t.JMeterThread: Thread finished: Class 7 1-3
2020-12-09 10:58:36,440 INFO o.a.j.t.JMeterThread: Thread started: Class 7 1-4
2020-12-09 10:58:36,455 INFO o.a.j.t.JMeterThread: Thread is done: Class 7 1-4
2020-12-09 10:58:36,455 INFO o.a.j.t.JMeterThread: Thread finished: Class 7 1-4
2020-12-09 10:58:36,541 INFO o.a.j.t.JMeterThread: Thread started: Class 7 1-5
2020-12-09 10:58:36,557 INFO o.a.j.t.JMeterThread: Thread is done: Class 7 1-5
2020-12-09 10:58:36,557 INFO o.a.j.t.JMeterThread: Thread finished: Class 7 1-5
2020-12-09 10:58:36,637 INFO o.a.j.t.JMeterThread: Thread started: Class 7 1-6
2020-12-09 10:58:36,658 INFO o.a.j.t.JMeterThread: Thread is done: Class 7 1-6
2020-12-09 10:58:36,658 INFO o.a.j.t.JMeterThread: Thread finished: Class 7 1-6
2020-12-09 10:58:36,741 INFO o.a.j.t.JMeterThread: Thread started: Class 7 1-7
2020-12-09 10:58:36,757 INFO o.a.j.t.JMeterThread: Thread is done: Class 7 1-7
2020-12-09 10:58:36,757 INFO o.a.j.t.JMeterThread: Thread finished: Class 7 1-7
2020-12-09 10:58:36,841 INFO o.a.j.t.JMeterThread: Thread started: Class 7 1-8
2020-12-09 10:58:36,858 INFO o.a.j.t.JMeterThread: Thread is done: Class 7 1-8
2020-12-09 10:58:36,858 INFO o.a.j.t.JMeterThread: Thread finished: Class 7 1-8
2020-12-09 10:58:36,943 INFO o.a.j.t.JMeterThread: Thread started: Class 7 1-9
2020-12-09 10:58:36,959 INFO o.a.j.t.JMeterThread: Thread is done: Class 7 1-9
2020-12-09 10:58:36,959 INFO o.a.j.t.JMeterThread: Thread finished: Class 7 1-9
2020-12-09 10:58:37,038 INFO o.a.j.t.JMeterThread: Thread started: Class 7 1-10
2020-12-09 10:58:37,055 INFO o.a.j.t.JMeterThread: Thread is done: Class 7 1-10
2020-12-09 10:58:37,055 INFO o.a.j.t.JMeterThread: Thread finished: Class 7 1-10
2020-12-09 10:58:37,055 INFO o.a.j.e.StandardJMeterEngine: Notifying test listeners of end of test
2020-12-09 10:58:37,056 INFO o.a.j.g.u.JMeterMenuBar: setRunning(false, *local*)
2020-12-09 10:58:51,883 INFO o.a.j.e.StandardJMeterEngine: Running the test!
2020-12-09 10:58:51,884 INFO o.a.j.s.SampleEvent: List of sample_variables: []
2020-12-09 10:58:51,884 INFO o.a.j.g.u.JMeterMenuBar: setRunning(true, *local*)
2020-12-09 10:58:51,941 INFO o.a.j.e.StandardJMeterEngine: Starting ThreadGroup: 1 : Class 7
2020-12-09 10:58:51,941 INFO o.a.j.e.StandardJMeterEngine: Starting 10 threads for group Class 7.
2020-12-09 10:58:51,941 INFO o.a.j.e.StandardJMeterEngine: Thread will continue on error
2020-12-09 10:58:51,941 INFO o.a.j.t.ThreadGroup: Starting thread group... number=1 threads=10 ramp-up=1 delayedStart=false
2020-12-09 10:58:51,942 INFO o.a.j.t.JMeterThread: Thread started: Class 7 1-1
2020-12-09 10:58:51,951 INFO o.a.j.t.ThreadGroup: Started thread group number 1
2020-12-09 10:58:51,951 INFO o.a.j.e.StandardJMeterEngine: All thread groups have been started
2020-12-09 10:58:51,958 INFO o.a.j.t.JMeterThread: Thread is done: Class 7 1-1
2020-12-09 10:58:51,958 INFO o.a.j.t.JMeterThread: Thread finished: Class 7 1-1
2020-12-09 10:58:52,046 INFO o.a.j.t.JMeterThread: Thread started: Class 7 1-2
2020-12-09 10:58:52,058 INFO o.a.j.t.JMeterThread: Thread is done: Class 7 1-2
2020-12-09 10:58:52,059 INFO o.a.j.t.JMeterThread: Thread finished: Class 7 1-2
2020-12-09 10:58:52,147 INFO o.a.j.t.JMeterThread: Thread started: Class 7 1-3
2020-12-09 10:58:52,162 INFO o.a.j.t.JMeterThread: Thread is done: Class 7 1-3
2020-12-09 10:58:52,162 INFO o.a.j.t.JMeterThread: Thread finished: Class 7 1-3
2020-12-09 10:58:52,247 INFO o.a.j.t.JMeterThread: Thread started: Class 7 1-4
2020-12-09 10:58:52,261 INFO o.a.j.t.JMeterThread: Thread is done: Class 7 1-4
2020-12-09 10:58:52,261 INFO o.a.j.t.JMeterThread: Thread finished: Class 7 1-4
2020-12-09 10:58:52,348 INFO o.a.j.t.JMeterThread: Thread started: Class 7 1-5
2020-12-09 10:58:52,380 INFO o.a.j.t.JMeterThread: Thread is done: Class 7 1-5
2020-12-09 10:58:52,380 INFO o.a.j.t.JMeterThread: Thread finished: Class 7 1-5
2020-12-09 10:58:52,442 INFO o.a.j.t.JMeterThread: Thread started: Class 7 1-6
2020-12-09 10:58:52,460 INFO o.a.j.t.JMeterThread: Thread is done: Class 7 1-6
2020-12-09 10:58:52,460 INFO o.a.j.t.JMeterThread: Thread finished: Class 7 1-6
2020-12-09 10:58:52,544 INFO o.a.j.t.JMeterThread: Thread started: Class 7 1-7
2020-12-09 10:58:52,558 INFO o.a.j.t.JMeterThread: Thread is done: Class 7 1-7
2020-12-09 10:58:52,558 INFO o.a.j.t.JMeterThread: Thread finished: Class 7 1-7
2020-12-09 10:58:52,645 INFO o.a.j.t.JMeterThread: Thread started: Class 7 1-8
2020-12-09 10:58:52,662 INFO o.a.j.t.JMeterThread: Thread is done: Class 7 1-8
2020-12-09 10:58:52,662 INFO o.a.j.t.JMeterThread: Thread finished: Class 7 1-8
2020-12-09 10:58:52,747 INFO o.a.j.t.JMeterThread: Thread started: Class 7 1-9
2020-12-09 10:58:52,760 INFO o.a.j.t.JMeterThread: Thread is done: Class 7 1-9
2020-12-09 10:58:52,761 INFO o.a.j.t.JMeterThread: Thread finished: Class 7 1-9
2020-12-09 10:58:52,845 INFO o.a.j.t.JMeterThread: Thread started: Class 7 1-10
2020-12-09 10:58:52,873 INFO o.a.j.t.JMeterThread: Thread is done: Class 7 1-10
2020-12-09 10:58:52,873 INFO o.a.j.t.JMeterThread: Thread finished: Class 7 1-10
2020-12-09 10:58:52,873 INFO o.a.j.e.StandardJMeterEngine: Notifying test listeners of end of test
2020-12-09 10:58:52,873 INFO o.a.j.g.u.JMeterMenuBar: setRunning(false, *local*)
2020-12-09 11:01:45,259 INFO o.a.j.e.StandardJMeterEngine: Running the test!
2020-12-09 11:01:45,260 INFO o.a.j.s.SampleEvent: List of sample_variables: []
2020-12-09 11:01:45,261 INFO o.a.j.g.u.JMeterMenuBar: setRunning(true, *local*)
2020-12-09 11:01:45,318 INFO o.a.j.e.StandardJMeterEngine: Starting ThreadGroup: 1 : Class 7
2020-12-09 11:01:45,318 INFO o.a.j.e.StandardJMeterEngine: Starting 5 threads for group Class 7.
2020-12-09 11:01:45,318 INFO o.a.j.e.StandardJMeterEngine: Thread will continue on error
2020-12-09 11:01:45,319 INFO o.a.j.t.ThreadGroup: Starting thread group... number=1 threads=5 ramp-up=5 delayedStart=false
2020-12-09 11:01:45,322 INFO o.a.j.t.JMeterThread: Thread started: Class 7 1-1
2020-12-09 11:01:45,326 INFO o.a.j.t.ThreadGroup: Started thread group number 1
2020-12-09 11:01:45,326 INFO o.a.j.e.StandardJMeterEngine: All thread groups have been started
2020-12-09 11:01:45,857 INFO o.a.j.t.JMeterThread: Thread is done: Class 7 1-1
2020-12-09 11:01:45,858 INFO o.a.j.t.JMeterThread: Thread finished: Class 7 1-1
2020-12-09 11:01:46,329 INFO o.a.j.t.JMeterThread: Thread started: Class 7 1-2
2020-12-09 11:01:46,861 INFO o.a.j.t.JMeterThread: Thread is done: Class 7 1-2
2020-12-09 11:01:46,861 INFO o.a.j.t.JMeterThread: Thread finished: Class 7 1-2
2020-12-09 11:01:47,328 INFO o.a.j.t.JMeterThread: Thread started: Class 7 1-3
2020-12-09 11:01:47,854 INFO o.a.j.t.JMeterThread: Thread is done: Class 7 1-3
2020-12-09 11:01:47,854 INFO o.a.j.t.JMeterThread: Thread finished: Class 7 1-3
2020-12-09 11:01:48,323 INFO o.a.j.t.JMeterThread: Thread started: Class 7 1-4
2020-12-09 11:01:48,850 INFO o.a.j.t.JMeterThread: Thread is done: Class 7 1-4
2020-12-09 11:01:48,850 INFO o.a.j.t.JMeterThread: Thread finished: Class 7 1-4
2020-12-09 11:01:49,323 INFO o.a.j.t.JMeterThread: Thread started: Class 7 1-5
2020-12-09 11:01:49,850 INFO o.a.j.t.JMeterThread: Thread is done: Class 7 1-5
2020-12-09 11:01:49,851 INFO o.a.j.t.JMeterThread: Thread finished: Class 7 1-5
2020-12-09 11:01:49,852 INFO o.a.j.e.StandardJMeterEngine: Notifying test listeners of end of test
2020-12-09 11:01:49,852 INFO o.a.j.g.u.JMeterMenuBar: setRunning(false, *local*)
2020-12-09 11:02:13,748 INFO o.a.j.e.StandardJMeterEngine: Running the test!
2020-12-09 11:02:13,748 INFO o.a.j.s.SampleEvent: List of sample_variables: []
2020-12-09 11:02:13,749 INFO o.a.j.g.u.JMeterMenuBar: setRunning(true, *local*)
2020-12-09 11:02:13,800 INFO o.a.j.e.StandardJMeterEngine: Starting ThreadGroup: 1 : Class 7
2020-12-09 11:02:13,800 INFO o.a.j.e.StandardJMeterEngine: Starting 5 threads for group Class 7.
2020-12-09 11:02:13,800 INFO o.a.j.e.StandardJMeterEngine: Thread will continue on error
2020-12-09 11:02:13,800 INFO o.a.j.t.ThreadGroup: Starting thread group... number=1 threads=5 ramp-up=5 delayedStart=false
2020-12-09 11:02:13,801 INFO o.a.j.t.JMeterThread: Thread started: Class 7 1-1
2020-12-09 11:02:13,805 INFO o.a.j.t.ThreadGroup: Started thread group number 1
2020-12-09 11:02:13,805 INFO o.a.j.e.StandardJMeterEngine: All thread groups have been started
2020-12-09 11:02:14,333 INFO o.a.j.t.JMeterThread: Thread is done: Class 7 1-1
2020-12-09 11:02:14,333 INFO o.a.j.t.JMeterThread: Thread finished: Class 7 1-1
2020-12-09 11:02:14,803 INFO o.a.j.t.JMeterThread: Thread started: Class 7 1-2
2020-12-09 11:02:15,337 INFO o.a.j.t.JMeterThread: Thread is done: Class 7 1-2
2020-12-09 11:02:15,337 INFO o.a.j.t.JMeterThread: Thread finished: Class 7 1-2
2020-12-09 11:02:15,808 INFO o.a.j.t.JMeterThread: Thread started: Class 7 1-3
2020-12-09 11:02:16,340 INFO o.a.j.t.JMeterThread: Thread is done: Class 7 1-3
2020-12-09 11:02:16,340 INFO o.a.j.t.JMeterThread: Thread finished: Class 7 1-3
2020-12-09 11:02:16,803 INFO o.a.j.t.JMeterThread: Thread started: Class 7 1-4
2020-12-09 11:02:17,325 INFO o.a.j.t.JMeterThread: Thread is done: Class 7 1-4
2020-12-09 11:02:17,325 INFO o.a.j.t.JMeterThread: Thread finished: Class 7 1-4
2020-12-09 11:02:17,803 INFO o.a.j.t.JMeterThread: Thread started: Class 7 1-5
2020-12-09 11:02:18,324 INFO o.a.j.t.JMeterThread: Thread is done: Class 7 1-5
2020-12-09 11:02:18,324 INFO o.a.j.t.JMeterThread: Thread finished: Class 7 1-5
2020-12-09 11:02:18,325 INFO o.a.j.e.StandardJMeterEngine: Notifying test listeners of end of test
2020-12-09 11:02:18,325 INFO o.a.j.g.u.JMeterMenuBar: setRunning(false, *local*)
2020-12-09 11:04:25,758 INFO o.a.j.e.StandardJMeterEngine: Running the test!
2020-12-09 11:04:25,759 INFO o.a.j.s.SampleEvent: List of sample_variables: []
2020-12-09 11:04:25,760 INFO o.a.j.g.u.JMeterMenuBar: setRunning(true, *local*)
2020-12-09 11:04:25,814 INFO o.a.j.e.StandardJMeterEngine: Starting ThreadGroup: 1 : Class 7
2020-12-09 11:04:25,814 INFO o.a.j.e.StandardJMeterEngine: Starting 5 threads for group Class 7.
2020-12-09 11:04:25,814 INFO o.a.j.e.StandardJMeterEngine: Thread will continue on error
2020-12-09 11:04:25,814 INFO o.a.j.t.ThreadGroup: Starting thread group... number=1 threads=5 ramp-up=5 delayedStart=false
2020-12-09 11:04:25,815 INFO o.a.j.t.JMeterThread: Thread started: Class 7 1-1
2020-12-09 11:04:25,816 INFO o.a.j.t.ThreadGroup: Started thread group number 1
2020-12-09 11:04:25,816 INFO o.a.j.e.StandardJMeterEngine: All thread groups have been started
2020-12-09 11:04:26,263 INFO o.a.j.t.JMeterThread: Thread is done: Class 7 1-1
2020-12-09 11:04:26,263 INFO o.a.j.t.JMeterThread: Thread finished: Class 7 1-1
2020-12-09 11:04:26,818 INFO o.a.j.t.JMeterThread: Thread started: Class 7 1-2
2020-12-09 11:04:27,307 INFO o.a.j.t.JMeterThread: Thread is done: Class 7 1-2
2020-12-09 11:04:27,307 INFO o.a.j.t.JMeterThread: Thread finished: Class 7 1-2
2020-12-09 11:04:27,820 INFO o.a.j.t.JMeterThread: Thread started: Class 7 1-3
2020-12-09 11:04:28,373 INFO o.a.j.t.JMeterThread: Thread is done: Class 7 1-3
2020-12-09 11:04:28,373 INFO o.a.j.t.JMeterThread: Thread finished: Class 7 1-3
2020-12-09 11:04:28,817 INFO o.a.j.t.JMeterThread: Thread started: Class 7 1-4
2020-12-09 11:04:29,227 INFO o.a.j.t.JMeterThread: Thread is done: Class 7 1-4
2020-12-09 11:04:29,227 INFO o.a.j.t.JMeterThread: Thread finished: Class 7 1-4
2020-12-09 11:04:29,822 INFO o.a.j.t.JMeterThread: Thread started: Class 7 1-5
2020-12-09 11:04:30,323 INFO o.a.j.t.JMeterThread: Thread is done: Class 7 1-5
2020-12-09 11:04:30,323 INFO o.a.j.t.JMeterThread: Thread finished: Class 7 1-5
2020-12-09 11:04:30,324 INFO o.a.j.e.StandardJMeterEngine: Notifying test listeners of end of test
2020-12-09 11:04:30,325 INFO o.a.j.g.u.JMeterMenuBar: setRunning(false, *local*)
2020-12-09 11:05:06,727 INFO o.a.j.e.StandardJMeterEngine: Running the test!
2020-12-09 11:05:06,727 INFO o.a.j.s.SampleEvent: List of sample_variables: []
2020-12-09 11:05:06,728 INFO o.a.j.g.u.JMeterMenuBar: setRunning(true, *local*)
2020-12-09 11:05:06,779 INFO o.a.j.e.StandardJMeterEngine: Starting ThreadGroup: 1 : Class 7
2020-12-09 11:05:06,779 INFO o.a.j.e.StandardJMeterEngine: Starting 5 threads for group Class 7.
2020-12-09 11:05:06,779 INFO o.a.j.e.StandardJMeterEngine: Thread will continue on error
2020-12-09 11:05:06,779 INFO o.a.j.t.ThreadGroup: Starting thread group... number=1 threads=5 ramp-up=5 delayedStart=false
2020-12-09 11:05:06,780 INFO o.a.j.t.JMeterThread: Thread started: Class 7 1-1
2020-12-09 11:05:06,782 INFO o.a.j.t.ThreadGroup: Started thread group number 1
2020-12-09 11:05:06,782 INFO o.a.j.e.StandardJMeterEngine: All thread groups have been started
2020-12-09 11:05:07,321 INFO o.a.j.t.JMeterThread: Thread is done: Class 7 1-1
2020-12-09 11:05:07,321 INFO o.a.j.t.JMeterThread: Thread finished: Class 7 1-1
2020-12-09 11:05:07,785 INFO o.a.j.t.JMeterThread: Thread started: Class 7 1-2
2020-12-09 11:05:08,218 INFO o.a.j.t.JMeterThread: Thread is done: Class 7 1-2
2020-12-09 11:05:08,218 INFO o.a.j.t.JMeterThread: Thread finished: Class 7 1-2
2020-12-09 11:05:08,786 INFO o.a.j.t.JMeterThread: Thread started: Class 7 1-3
2020-12-09 11:05:09,378 INFO o.a.j.t.JMeterThread: Thread is done: Class 7 1-3
2020-12-09 11:05:09,379 INFO o.a.j.t.JMeterThread: Thread finished: Class 7 1-3
2020-12-09 11:05:09,783 INFO o.a.j.t.JMeterThread: Thread started: Class 7 1-4
2020-12-09 11:05:10,268 INFO o.a.j.t.JMeterThread: Thread is done: Class 7 1-4
2020-12-09 11:05:10,268 INFO o.a.j.t.JMeterThread: Thread finished: Class 7 1-4
2020-12-09 11:05:10,782 INFO o.a.j.t.JMeterThread: Thread started: Class 7 1-5
2020-12-09 11:05:11,529 INFO o.a.j.t.JMeterThread: Thread is done: Class 7 1-5
2020-12-09 11:05:11,529 INFO o.a.j.t.JMeterThread: Thread finished: Class 7 1-5
2020-12-09 11:05:11,529 INFO o.a.j.e.StandardJMeterEngine: Notifying test listeners of end of test
2020-12-09 11:05:11,530 INFO o.a.j.g.u.JMeterMenuBar: setRunning(false, *local*)
2020-12-09 11:05:46,347 INFO o.a.j.e.StandardJMeterEngine: Running the test!
2020-12-09 11:05:46,348 INFO o.a.j.s.SampleEvent: List of sample_variables: []
2020-12-09 11:05:46,348 INFO o.a.j.g.u.JMeterMenuBar: setRunning(true, *local*)
2020-12-09 11:05:46,403 INFO o.a.j.e.StandardJMeterEngine: Starting ThreadGroup: 1 : Class 7
2020-12-09 11:05:46,403 INFO o.a.j.e.StandardJMeterEngine: Starting 5 threads for group Class 7.
2020-12-09 11:05:46,403 INFO o.a.j.e.StandardJMeterEngine: Thread will continue on error
2020-12-09 11:05:46,403 INFO o.a.j.t.ThreadGroup: Starting thread group... number=1 threads=5 ramp-up=5 delayedStart=false
2020-12-09 11:05:46,404 INFO o.a.j.t.JMeterThread: Thread started: Class 7 1-1
2020-12-09 11:05:46,405 INFO o.a.j.t.ThreadGroup: Started thread group number 1
2020-12-09 11:05:46,406 INFO o.a.j.e.StandardJMeterEngine: All thread groups have been started
2020-12-09 11:05:46,950 INFO o.a.j.t.JMeterThread: Thread is done: Class 7 1-1
2020-12-09 11:05:46,951 INFO o.a.j.t.JMeterThread: Thread finished: Class 7 1-1
2020-12-09 11:05:47,410 INFO o.a.j.t.JMeterThread: Thread started: Class 7 1-2
2020-12-09 11:05:47,875 INFO o.a.j.t.JMeterThread: Thread is done: Class 7 1-2
2020-12-09 11:05:47,876 INFO o.a.j.t.JMeterThread: Thread finished: Class 7 1-2
2020-12-09 11:05:48,407 INFO o.a.j.t.JMeterThread: Thread started: Class 7 1-3
2020-12-09 11:05:49,020 INFO o.a.j.t.JMeterThread: Thread is done: Class 7 1-3
2020-12-09 11:05:49,020 INFO o.a.j.t.JMeterThread: Thread finished: Class 7 1-3
2020-12-09 11:05:49,409 INFO o.a.j.t.JMeterThread: Thread started: Class 7 1-4
2020-12-09 11:05:50,074 INFO o.a.j.t.JMeterThread: Thread is done: Class 7 1-4
2020-12-09 11:05:50,074 INFO o.a.j.t.JMeterThread: Thread finished: Class 7 1-4
2020-12-09 11:05:50,410 INFO o.a.j.t.JMeterThread: Thread started: Class 7 1-5
2020-12-09 11:05:51,060 INFO o.a.j.t.JMeterThread: Thread is done: Class 7 1-5
2020-12-09 11:05:51,060 INFO o.a.j.t.JMeterThread: Thread finished: Class 7 1-5
2020-12-09 11:05:51,061 INFO o.a.j.e.StandardJMeterEngine: Notifying test listeners of end of test
2020-12-09 11:05:51,061 INFO o.a.j.g.u.JMeterMenuBar: setRunning(false, *local*)
2020-12-09 11:06:46,189 INFO o.a.j.e.StandardJMeterEngine: Running the test!
2020-12-09 11:06:46,189 INFO o.a.j.s.SampleEvent: List of sample_variables: []
2020-12-09 11:06:46,190 INFO o.a.j.g.u.JMeterMenuBar: setRunning(true, *local*)
2020-12-09 11:06:46,239 INFO o.a.j.e.StandardJMeterEngine: Starting ThreadGroup: 1 : Class 7
2020-12-09 11:06:46,239 INFO o.a.j.e.StandardJMeterEngine: Starting 5 threads for group Class 7.
2020-12-09 11:06:46,239 INFO o.a.j.e.StandardJMeterEngine: Thread will continue on error
2020-12-09 11:06:46,239 INFO o.a.j.t.ThreadGroup: Starting thread group... number=1 threads=5 ramp-up=5 delayedStart=false
2020-12-09 11:06:46,240 INFO o.a.j.t.JMeterThread: Thread started: Class 7 1-1
2020-12-09 11:06:46,245 INFO o.a.j.t.ThreadGroup: Started thread group number 1
2020-12-09 11:06:46,246 INFO o.a.j.e.StandardJMeterEngine: All thread groups have been started
2020-12-09 11:06:46,732 INFO o.a.j.t.JMeterThread: Thread is done: Class 7 1-1
2020-12-09 11:06:46,732 INFO o.a.j.t.JMeterThread: Thread finished: Class 7 1-1
2020-12-09 11:06:47,240 INFO o.a.j.t.JMeterThread: Thread started: Class 7 1-2
2020-12-09 11:06:47,611 INFO o.a.j.t.JMeterThread: Thread is done: Class 7 1-2
2020-12-09 11:06:47,611 INFO o.a.j.t.JMeterThread: Thread finished: Class 7 1-2
2020-12-09 11:06:48,246 INFO o.a.j.t.JMeterThread: Thread started: Class 7 1-3
2020-12-09 11:06:48,688 INFO o.a.j.t.JMeterThread: Thread is done: Class 7 1-3
2020-12-09 11:06:48,688 INFO o.a.j.t.JMeterThread: Thread finished: Class 7 1-3
2020-12-09 11:06:49,246 INFO o.a.j.t.JMeterThread: Thread started: Class 7 1-4
2020-12-09 11:06:49,879 INFO o.a.j.t.JMeterThread: Thread is done: Class 7 1-4
2020-12-09 11:06:49,879 INFO o.a.j.t.JMeterThread: Thread finished: Class 7 1-4
2020-12-09 11:06:50,242 INFO o.a.j.t.JMeterThread: Thread started: Class 7 1-5
2020-12-09 11:06:50,639 INFO o.a.j.t.JMeterThread: Thread is done: Class 7 1-5
2020-12-09 11:06:50,640 INFO o.a.j.t.JMeterThread: Thread finished: Class 7 1-5
2020-12-09 11:06:50,640 INFO o.a.j.e.StandardJMeterEngine: Notifying test listeners of end of test
2020-12-09 11:06:50,641 INFO o.a.j.g.u.JMeterMenuBar: setRunning(false, *local*)
2020-12-09 11:07:06,435 INFO o.a.j.e.StandardJMeterEngine: Running the test!
2020-12-09 11:07:06,435 INFO o.a.j.s.SampleEvent: List of sample_variables: []
2020-12-09 11:07:06,436 INFO o.a.j.g.u.JMeterMenuBar: setRunning(true, *local*)
2020-12-09 11:07:06,487 INFO o.a.j.e.StandardJMeterEngine: Starting ThreadGroup: 1 : Class 7
2020-12-09 11:07:06,487 INFO o.a.j.e.StandardJMeterEngine: Starting 5 threads for group Class 7.
2020-12-09 11:07:06,487 INFO o.a.j.e.StandardJMeterEngine: Thread will continue on error
2020-12-09 11:07:06,487 INFO o.a.j.t.ThreadGroup: Starting thread group... number=1 threads=5 ramp-up=10 delayedStart=false
2020-12-09 11:07:06,487 INFO o.a.j.t.JMeterThread: Thread started: Class 7 1-1
2020-12-09 11:07:06,488 INFO o.a.j.t.ThreadGroup: Started thread group number 1
2020-12-09 11:07:06,488 INFO o.a.j.e.StandardJMeterEngine: All thread groups have been started
2020-12-09 11:07:07,054 INFO o.a.j.t.JMeterThread: Thread is done: Class 7 1-1
2020-12-09 11:07:07,055 INFO o.a.j.t.JMeterThread: Thread finished: Class 7 1-1
2020-12-09 11:07:08,487 INFO o.a.j.t.JMeterThread: Thread started: Class 7 1-2
2020-12-09 11:07:09,086 INFO o.a.j.t.JMeterThread: Thread is done: Class 7 1-2
2020-12-09 11:07:09,087 INFO o.a.j.t.JMeterThread: Thread finished: Class 7 1-2
2020-12-09 11:07:10,492 INFO o.a.j.t.JMeterThread: Thread started: Class 7 1-3
2020-12-09 11:07:11,025 INFO o.a.j.t.JMeterThread: Thread is done: Class 7 1-3
2020-12-09 11:07:11,026 INFO o.a.j.t.JMeterThread: Thread finished: Class 7 1-3
2020-12-09 11:07:12,492 INFO o.a.j.t.JMeterThread: Thread started: Class 7 1-4
2020-12-09 11:07:13,016 INFO o.a.j.t.JMeterThread: Thread is done: Class 7 1-4
2020-12-09 11:07:13,016 INFO o.a.j.t.JMeterThread: Thread finished: Class 7 1-4
2020-12-09 11:07:14,489 INFO o.a.j.t.JMeterThread: Thread started: Class 7 1-5
2020-12-09 11:07:15,159 INFO o.a.j.t.JMeterThread: Thread is done: Class 7 1-5
2020-12-09 11:07:15,159 INFO o.a.j.t.JMeterThread: Thread finished: Class 7 1-5
2020-12-09 11:07:15,160 INFO o.a.j.e.StandardJMeterEngine: Notifying test listeners of end of test
2020-12-09 11:07:15,160 INFO o.a.j.g.u.JMeterMenuBar: setRunning(false, *local*)
2020-12-09 11:10:41,783 ERROR o.a.j.g.a.ActionRouter: Error processing org.apache.jmeter.gui.action.Save@784c5ef5
java.lang.NullPointerException: null
	at java.util.ArrayDeque.addLast(ArrayDeque.java:303) ~[?:?]
	at java.util.ArrayDeque.add(ArrayDeque.java:494) ~[?:?]
	at org.apache.jmeter.gui.action.LoadRecentProject.updateRecentFileMenuItems(LoadRecentProject.java:125) ~[ApacheJMeter_core.jar:5.4]
	at org.apache.jmeter.gui.util.JMeterMenuBar.setProjectFileLoaded(JMeterMenuBar.java:144) ~[ApacheJMeter_core.jar:5.4]
	at org.apache.jmeter.gui.MainFrame.setProjectFileLoaded(MainFrame.java:330) ~[ApacheJMeter_core.jar:5.4]
	at org.apache.jmeter.gui.GuiPackage.setTestPlanFile(GuiPackage.java:732) ~[ApacheJMeter_core.jar:5.4]
	at org.apache.jmeter.gui.action.Save.doAction(Save.java:168) ~[ApacheJMeter_core.jar:5.4]
	at org.apache.jmeter.gui.action.ActionRouter.performAction(ActionRouter.java:87) ~[ApacheJMeter_core.jar:5.4]
	at org.apache.jmeter.gui.action.ActionRouter.lambda$actionPerformed$0(ActionRouter.java:69) ~[ApacheJMeter_core.jar:5.4]
	at java.awt.event.InvocationEvent.dispatch(InvocationEvent.java:316) ~[?:?]
	at java.awt.EventQueue.dispatchEventImpl(EventQueue.java:770) ~[?:?]
	at java.awt.EventQueue$4.run(EventQueue.java:721) ~[?:?]
	at java.awt.EventQueue$4.run(EventQueue.java:715) ~[?:?]
	at java.security.AccessController.doPrivileged(AccessController.java:391) [?:?]
	at java.security.ProtectionDomain$JavaSecurityAccessImpl.doIntersectionPrivilege(ProtectionDomain.java:85) [?:?]
	at java.awt.EventQueue.dispatchEvent(EventQueue.java:740) [?:?]
	at java.awt.EventDispatchThread.pumpOneEventForFilters(EventDispatchThread.java:203) [?:?]
	at java.awt.EventDispatchThread.pumpEventsForFilter(EventDispatchThread.java:124) [?:?]
	at java.awt.EventDispatchThread.pumpEventsForHierarchy(EventDispatchThread.java:113) [?:?]
	at java.awt.EventDispatchThread.pumpEvents(EventDispatchThread.java:109) [?:?]
	at java.awt.EventDispatchThread.pumpEvents(EventDispatchThread.java:101) [?:?]
	at java.awt.EventDispatchThread.run(EventDispatchThread.java:90) [?:?]
